[INFO] Logs are saved to C:\Users\doola\OneDrive\Documents\Github\Basis Foundation\Basis Unity\Basis Server\BasisServerConsole\bin\Debug\net9.0\Logs\2024-12-17.log
[INFO] [13:49] [INFO] Server Booting
[INFO] [13:49] [INFO] HTTP health check started at 'http://localhost:10666/health'
[INFO] [13:49] [INFO] Server Wiring up 4296
[INFO] [13:49] [INFO] Server Worker Threads booting
[INFO] [13:49] [INFO] Server Worker Threads Booted
[INFO] [13:50] [INFO] Shutting down server...
[INFO] Logs are saved to C:\Users\doola\OneDrive\Documents\Github\Basis Foundation\Basis Unity\Basis Server\BasisServerConsole\bin\Debug\net9.0\Logs\2024-12-17.log
[INFO] [14:03] [INFO] Server Booting
[INFO] [14:03] [INFO] HTTP health check started at 'http://localhost:10666/health'
[INFO] Logs are saved to C:\Users\doola\OneDrive\Documents\Github\Basis Foundation\Basis Unity\Basis Server\BasisServerConsole\bin\Debug\net9.0\Logs\2024-12-17.log
[INFO] [14:03] [INFO] Server Booting
[INFO] [14:03] [INFO] HTTP health check started at 'http://localhost:10666/health'
[INFO] [14:03] [INFO] Server Wiring up 4296
[INFO] [14:03] [INFO] Server Worker Threads booting
[INFO] [14:03] [INFO] Server Worker Threads Booted
[INFO] [14:04] [INFO] Processing Connection Request
[INFO] [14:04] [INFO] Player Is Approved Total Count is: 0
[INFO] [14:04] [INFO] Length is 1173
[INFO] [14:04] [INFO] Peer added and connected: 0
[INFO] [14:04] [INFO] Added 0 with AvatarID 775
[INFO] [14:04] [INFO] Sent Remote Spawn request to 
[INFO] [14:04] [INFO] Notifing Newly Connected Client about 0
[INFO] [14:04] [INFO] Sending list of clients to 0
[INFO] [14:05] [INFO] Processing Connection Request
[INFO] [14:05] [INFO] Player Is Approved Total Count is: 1
[INFO] [14:05] [INFO] Length is 1173
[INFO] [14:05] [INFO] Peer added and connected: 1
[INFO] [14:05] [INFO] Added 1 with AvatarID 775
[INFO] [14:05] [INFO] Sent Remote Spawn request to  | 0
[INFO] [14:05] [INFO] Notifing Newly Connected Client about 1
[INFO] [14:05] [INFO] Sending list of clients to 1
