[INFO] Logs are saved to C:\Users\doola\OneDrive\Documents\Github\Basis Foundation\Basis Unity\Basis Server\BasisServerConsole\bin\Release\net9.0\Logs\2024-12-17.log
[INFO] [14:18] [INFO] Server Booting
[INFO] [14:18] [INFO] HTTP health check started at 'http://localhost:10666/health'
[INFO] [14:18] [INFO] Server Wiring up 4296
[INFO] [14:18] [INFO] Server Worker Threads booting
[INFO] [14:18] [INFO] Server Worker Threads Booted
[INFO] [14:20] [INFO] Shutting down server...
[INFO] Logs are saved to C:\Users\doola\OneDrive\Documents\Github\Basis Foundation\Basis Unity\Basis Server\BasisServerConsole\bin\Release\net9.0\Logs\2024-12-17.log
[INFO] [15:09] [INFO] Server Booting
[INFO] [15:09] [INFO] HTTP health check started at 'http://localhost:10666/health'
[INFO] [15:09] [INFO] Server Wiring up 4296
[INFO] [15:09] [INFO] Server Worker Threads booting
[INFO] [15:09] [INFO] Server Worker Threads Booted
[INFO] [15:09] [INFO] Shutting down server...
[INFO] Logs are saved to C:\Users\doola\OneDrive\Documents\Github\Basis Foundation\Basis Unity\Basis Server\BasisServerConsole\bin\Release\net9.0\Logs\2024-12-17.log
[INFO] [15:10] [INFO] Server Booting
[INFO] [15:10] [INFO] HTTP health check started at 'http://localhost:10666/health'
[INFO] [15:10] [INFO] Server Wiring up 4296
[INFO] [15:10] [INFO] Server Worker Threads booting
[INFO] [15:10] [INFO] Server Worker Threads Booted
[INFO] [15:10] [INFO] Shutting down server...
[INFO] Logs are saved to C:\Users\doola\OneDrive\Documents\Github\Basis Foundation\Basis Unity\Basis Server\BasisServerConsole\bin\Release\net9.0\Logs\2024-12-17.log
[INFO] [15:29] [INFO] Server Booting
[INFO] [15:29] [INFO] HTTP health check started at 'http://localhost:10666/health'
[INFO] [15:29] [INFO] Server Wiring up SetPort 4296
[INFO] [15:29] [INFO] Server Worker Threads booting
[INFO] [15:29] [INFO] Server Worker Threads Booted
[INFO] Logs are saved to C:\Users\doola\OneDrive\Documents\Github\Basis Foundation\Basis Unity\Basis Server\BasisServerConsole\bin\Release\net9.0\Logs\2024-12-17.log
[INFO] [16:24] [INFO] Server Booting
[INFO] [16:24] [INFO] HTTP health check started at 'http://localhost:10666/health'
[INFO] [16:24] [INFO] Server Wiring up SetPort 4296
[INFO] [16:24] [INFO] Server Worker Threads booting
[INFO] [16:24] [INFO] Server Worker Threads Booted
[INFO] [16:25] [INFO] Shutting down server...
[INFO] Logs are saved to C:\Users\doola\OneDrive\Documents\Github\Basis Foundation\Basis Unity\Basis Server\BasisServerConsole\bin\Release\net9.0\Logs\2024-12-17.log
[INFO] [16:25] [INFO] Server Booting
[INFO] [16:25] [INFO] HTTP health check started at 'http://localhost:10666/health'
[INFO] [16:25] [INFO] Server Wiring up SetPort 4296
[INFO] [16:25] [INFO] Server Worker Threads booting
[INFO] [16:25] [INFO] Packet Loss: 0
[INFO] [16:25] [INFO] Packet Loss Percent: 0
[INFO] [16:25] [INFO] Server Worker Threads Booted
[INFO] [16:25] [INFO] Bytes Received: 0
[INFO] [16:25] [INFO] Bytes Sent: 0
[INFO] [16:25] [INFO] Packets Sent: 0
[INFO] [16:25] [INFO] Packet Loss: 0
[INFO] [16:25] [INFO] Packet Loss Percent: 0
[INFO] [16:25] [INFO] Bytes Received: 0
[INFO] [16:25] [INFO] Bytes Sent: 0
[INFO] [16:25] [INFO] Packets Sent: 0
[INFO] [16:25] [INFO] Packet Loss: 0
[INFO] [16:25] [INFO] Packet Loss Percent: 0
[INFO] [16:25] [INFO] Bytes Received: 0
[INFO] [16:25] [INFO] Bytes Sent: 0
[INFO] [16:25] [INFO] Packets Sent: 0
[INFO] [16:25] [INFO] Packet Loss: 0
[INFO] [16:25] [INFO] Packet Loss Percent: 0
[INFO] [16:25] [INFO] Bytes Received: 0
[INFO] [16:25] [INFO] Bytes Sent: 0
[INFO] [16:25] [INFO] Packets Sent: 0
[INFO] [16:25] [INFO] Packet Loss: 0
[INFO] [16:25] [INFO] Packet Loss Percent: 0
[INFO] [16:25] [INFO] Bytes Received: 0
[INFO] [16:25] [INFO] Bytes Sent: 0
[INFO] [16:25] [INFO] Packets Sent: 0
[INFO] [16:25] [INFO] Packet Loss: 0
[INFO] [16:25] [INFO] Packet Loss Percent: 0
[INFO] [16:25] [INFO] Bytes Received: 0
[INFO] [16:25] [INFO] Bytes Sent: 0
[INFO] [16:25] [INFO] Packets Sent: 0
[INFO] [16:25] [INFO] Packet Loss: 0
[INFO] [16:25] [INFO] Packet Loss Percent: 0
[INFO] [16:25] [INFO] Bytes Received: 0
[INFO] [16:25] [INFO] Bytes Sent: 0
[INFO] [16:25] [INFO] Packets Sent: 0
[INFO] [16:25] [INFO] Packet Loss: 0
[INFO] [16:25] [INFO] Packet Loss Percent: 0
[INFO] [16:25] [INFO] Bytes Received: 0
[INFO] [16:25] [INFO] Bytes Sent: 0
[INFO] [16:25] [INFO] Packets Sent: 0
[INFO] [16:25] [INFO] Packet Loss: 0
[INFO] [16:25] [INFO] Packet Loss Percent: 0
[INFO] [16:25] [INFO] Bytes Received: 0
[INFO] [16:25] [INFO] Bytes Sent: 0
[INFO] [16:25] [INFO] Packets Sent: 0
[INFO] [16:25] [INFO] Packet Loss: 0
[INFO] [16:25] [INFO] Packet Loss Percent: 0
[INFO] [16:25] [INFO] Bytes Received: 0
[INFO] [16:25] [INFO] Bytes Sent: 0
[INFO] [16:25] [INFO] Packets Sent: 0
[INFO] [16:26] [INFO] Packet Loss: 0
[INFO] [16:26] [INFO] Packet Loss Percent: 0
[INFO] [16:26] [INFO] Bytes Received: 0
[INFO] [16:26] [INFO] Bytes Sent: 0
[INFO] [16:26] [INFO] Packets Sent: 0
[INFO] [16:26] [INFO] Packet Loss: 0
[INFO] [16:26] [INFO] Packet Loss Percent: 0
[INFO] [16:26] [INFO] Bytes Received: 0
[INFO] [16:26] [INFO] Bytes Sent: 0
[INFO] [16:26] [INFO] Packets Sent: 0
[INFO] [16:26] [INFO] Packet Loss: 0
[INFO] [16:26] [INFO] Packet Loss Percent: 0
[INFO] [16:26] [INFO] Bytes Received: 0
[INFO] [16:26] [INFO] Bytes Sent: 0
[INFO] [16:26] [INFO] Packets Sent: 0
[INFO] [16:26] [INFO] Packet Loss: 0
[INFO] [16:26] [INFO] Packet Loss Percent: 0
[INFO] [16:26] [INFO] Bytes Received: 0
[INFO] [16:26] [INFO] Bytes Sent: 0
[INFO] [16:26] [INFO] Packets Sent: 0
[INFO] [16:26] [INFO] Packet Loss: 0
[INFO] [16:26] [INFO] Packet Loss Percent: 0
[INFO] [16:26] [INFO] Bytes Received: 0
[INFO] [16:26] [INFO] Bytes Sent: 0
[INFO] [16:26] [INFO] Packets Sent: 0
[INFO] [16:26] [INFO] Shutting down server...
[INFO] Logs are saved to C:\Users\doola\OneDrive\Documents\Github\Basis Foundation\Basis Unity\Basis Server\BasisServerConsole\bin\Release\net9.0\Logs\2024-12-17.log
[INFO] [16:26] [INFO] Server Booting
[INFO] [16:26] [INFO] HTTP health check started at 'http://localhost:10666/health'
[INFO] [16:26] [INFO] Server Wiring up SetPort 4296
[INFO] [16:26] [INFO] Packet Loss: 0
[INFO] [16:26] [INFO] Server Worker Threads booting
[INFO] [16:26] [INFO] Packet Loss Percent: 0
[INFO] [16:26] [INFO] Bytes Received: 0
[INFO] [16:26] [INFO] Bytes Sent: 0
[INFO] [16:26] [INFO] Packets Sent: 0
[INFO] [16:26] [INFO] Server Worker Threads Booted
[INFO] [16:26] [INFO] Packet Loss: 0
[INFO] [16:26] [INFO] Packet Loss Percent: 0
[INFO] [16:26] [INFO] Bytes Received: 0
[INFO] [16:26] [INFO] Bytes Sent: 0
[INFO] [16:26] [INFO] Packets Sent: 0
[INFO] [16:26] [INFO] Packet Loss: 0
[INFO] [16:26] [INFO] Packet Loss Percent: 0
[INFO] [16:26] [INFO] Bytes Received: 0
[INFO] [16:26] [INFO] Bytes Sent: 0
[INFO] [16:26] [INFO] Packets Sent: 0
[INFO] [16:26] [INFO] Packet Loss: 0
[INFO] [16:26] [INFO] Packet Loss Percent: 0
[INFO] [16:26] [INFO] Bytes Received: 0
[INFO] [16:26] [INFO] Bytes Sent: 0
[INFO] [16:26] [INFO] Packets Sent: 0
[INFO] [16:27] [INFO] Packet Loss: 0
[INFO] [16:27] [INFO] Packet Loss Percent: 0
[INFO] [16:27] [INFO] Bytes Received: 0
[INFO] [16:27] [INFO] Bytes Sent: 0
[INFO] [16:27] [INFO] Packets Sent: 0
[INFO] [16:27] [INFO] Packet Loss: 0
[INFO] [16:27] [INFO] Packet Loss Percent: 0
[INFO] [16:27] [INFO] Bytes Received: 0
[INFO] [16:27] [INFO] Bytes Sent: 0
[INFO] [16:27] [INFO] Packets Sent: 0
[INFO] [16:27] [INFO] Packet Loss: 0
[INFO] [16:27] [INFO] Packet Loss Percent: 0
[INFO] [16:27] [INFO] Bytes Received: 0
[INFO] [16:27] [INFO] Bytes Sent: 0
[INFO] [16:27] [INFO] Packets Sent: 0
[INFO] [16:27] [INFO] Packet Loss: 0
[INFO] [16:27] [INFO] Packet Loss Percent: 0
[INFO] [16:27] [INFO] Bytes Received: 0
[INFO] [16:27] [INFO] Bytes Sent: 0
[INFO] [16:27] [INFO] Packets Sent: 0
[INFO] [16:28] [INFO] Packet Loss: 0
[INFO] [16:28] [INFO] Packet Loss Percent: 0
[INFO] [16:28] [INFO] Bytes Received: 0
[INFO] [16:28] [INFO] Bytes Sent: 0
[INFO] [16:28] [INFO] Packets Sent: 0
[INFO] [16:28] [INFO] Packet Loss: 0
[INFO] [16:28] [INFO] Packet Loss Percent: 0
[INFO] [16:28] [INFO] Bytes Received: 0
[INFO] [16:28] [INFO] Bytes Sent: 0
[INFO] [16:28] [INFO] Packets Sent: 0
[INFO] [16:28] [INFO] Processing Connection Request
[INFO] [16:28] [INFO] Player Is Approved Total Count is: 0
[INFO] [16:28] [INFO] Length is 1173
[INFO] [16:28] [INFO] Peer added and connected: 0
[INFO] [16:28] [INFO] Added 0 with AvatarID 775
[INFO] [16:28] [INFO] Sent Remote Spawn request to 
[INFO] [16:28] [INFO] Notifing Newly Connected Client about 0
[INFO] [16:28] [INFO] Sending list of clients to 0
[INFO] [16:28] [INFO] Processing Connection Request
[INFO] [16:28] [INFO] Player Is Approved Total Count is: 1
[INFO] [16:28] [INFO] Length is 1173
[INFO] [16:28] [INFO] Peer added and connected: 1
[INFO] [16:28] [INFO] Added 1 with AvatarID 775
[INFO] [16:28] [INFO] Sent Remote Spawn request to  | 0
[INFO] [16:28] [INFO] Notifing Newly Connected Client about 1
[INFO] [16:28] [INFO] Sending list of clients to 1
[INFO] [16:28] [INFO] Packet Loss: 0
[INFO] [16:28] [INFO] Packet Loss Percent: 0
[INFO] [16:28] [INFO] Bytes Received: 3725
[INFO] [16:28] [INFO] Bytes Sent: 13497
[INFO] [16:28] [INFO] Packets Sent: 47
[INFO] [16:28] [INFO] Packet Loss: 0
[INFO] [16:28] [INFO] Packet Loss Percent: 0
[INFO] [16:28] [INFO] Bytes Received: 469729
[INFO] [16:28] [INFO] Bytes Sent: 370605
[INFO] [16:28] [INFO] Packets Sent: 1154
[INFO] [16:29] [INFO] Peer removed and Disconnected: 1
[INFO] [16:29] [INFO] Player 1's ownership removed from 0 objects.
[INFO] [16:29] [INFO] Peer removed and Disconnected: 0
[INFO] [16:29] [INFO] Player 0's ownership removed from 0 objects.
[INFO] [16:29] [INFO] Packet Loss: 0
[INFO] [16:29] [INFO] Packet Loss Percent: 0
[INFO] [16:29] [INFO] Bytes Received: 667665
[INFO] [16:29] [INFO] Bytes Sent: 530675
[INFO] [16:29] [INFO] Packets Sent: 1662
[INFO] [16:29] [INFO] Packet Loss: 0
[INFO] [16:29] [INFO] Packet Loss Percent: 0
[INFO] [16:29] [INFO] Bytes Received: 667665
[INFO] [16:29] [INFO] Bytes Sent: 530675
[INFO] [16:29] [INFO] Packets Sent: 1662
[INFO] [16:29] [INFO] Packet Loss: 0
[INFO] [16:29] [INFO] Packet Loss Percent: 0
[INFO] [16:29] [INFO] Bytes Received: 667665
[INFO] [16:29] [INFO] Bytes Sent: 530675
[INFO] [16:29] [INFO] Packets Sent: 1662
[INFO] [16:29] [INFO] Packet Loss: 0
[INFO] [16:29] [INFO] Packet Loss Percent: 0
[INFO] [16:29] [INFO] Bytes Received: 667665
[INFO] [16:29] [INFO] Bytes Sent: 530675
[INFO] [16:29] [INFO] Packets Sent: 1662
[INFO] [16:30] [INFO] Packet Loss: 0
[INFO] [16:30] [INFO] Packet Loss Percent: 0
[INFO] [16:30] [INFO] Bytes Received: 667665
[INFO] [16:30] [INFO] Bytes Sent: 530675
[INFO] [16:30] [INFO] Packets Sent: 1662
[INFO] [16:30] [INFO] Packet Loss: 0
[INFO] [16:30] [INFO] Packet Loss Percent: 0
[INFO] [16:30] [INFO] Bytes Received: 667665
[INFO] [16:30] [INFO] Bytes Sent: 530675
[INFO] [16:30] [INFO] Packets Sent: 1662
[INFO] Logs are saved to C:\Users\doola\OneDrive\Documents\Github\Basis Foundation\Basis Unity\Basis Server\BasisServerConsole\bin\Release\net9.0\Logs\2024-12-17.log
[INFO] [04:23] [INFO] Server Booting
[INFO] [04:23] [INFO] HTTP health check started at 'http://localhost:10666/health'
[INFO] [04:23] [INFO] Server Wiring up SetPort 4296
[INFO] [04:23] [INFO] Server Worker Threads booting
[INFO] [04:23] [INFO] Server Worker Threads Booted
[INFO] [04:23] [INFO] Packet Loss: 0Packet Loss Percent: 0Bytes Received: 0Bytes Sent: 0Packets Sent: 0
[INFO] [04:23] [INFO] Packet Loss: 0Packet Loss Percent: 0Bytes Received: 0Bytes Sent: 0Packets Sent: 0
[INFO] [04:23] [INFO] Packet Loss: 0Packet Loss Percent: 0Bytes Received: 0Bytes Sent: 0Packets Sent: 0
[INFO] [04:23] [INFO] Packet Loss: 0Packet Loss Percent: 0Bytes Received: 0Bytes Sent: 0Packets Sent: 0
[INFO] [04:24] [INFO] Packet Loss: 0Packet Loss Percent: 0Bytes Received: 0Bytes Sent: 0Packets Sent: 0
[INFO] [04:24] [INFO] Packet Loss: 0Packet Loss Percent: 0Bytes Received: 0Bytes Sent: 0Packets Sent: 0
[INFO] [04:24] [INFO] Packet Loss: 0Packet Loss Percent: 0Bytes Received: 0Bytes Sent: 0Packets Sent: 0
[INFO] [04:24] [INFO] Packet Loss: 0Packet Loss Percent: 0Bytes Received: 0Bytes Sent: 0Packets Sent: 0
[INFO] [04:25] [INFO] Packet Loss: 0Packet Loss Percent: 0Bytes Received: 0Bytes Sent: 0Packets Sent: 0
[INFO] [04:25] [INFO] Packet Loss: 0Packet Loss Percent: 0Bytes Received: 0Bytes Sent: 0Packets Sent: 0
[INFO] [04:25] [INFO] Packet Loss: 0Packet Loss Percent: 0Bytes Received: 0Bytes Sent: 0Packets Sent: 0
[INFO] [04:25] [INFO] Packet Loss: 0Packet Loss Percent: 0Bytes Received: 0Bytes Sent: 0Packets Sent: 0
[INFO] [04:26] [INFO] Packet Loss: 0Packet Loss Percent: 0Bytes Received: 0Bytes Sent: 0Packets Sent: 0
[INFO] [04:26] [INFO] Packet Loss: 0Packet Loss Percent: 0Bytes Received: 0Bytes Sent: 0Packets Sent: 0
[INFO] [04:26] [INFO] Packet Loss: 0Packet Loss Percent: 0Bytes Received: 0Bytes Sent: 0Packets Sent: 0
[INFO] [04:26] [INFO] Packet Loss: 0Packet Loss Percent: 0Bytes Received: 0Bytes Sent: 0Packets Sent: 0
[INFO] [04:27] [INFO] Packet Loss: 0Packet Loss Percent: 0Bytes Received: 0Bytes Sent: 0Packets Sent: 0
[INFO] [04:27] [INFO] Packet Loss: 0Packet Loss Percent: 0Bytes Received: 0Bytes Sent: 0Packets Sent: 0
[INFO] [04:27] [INFO] Packet Loss: 0Packet Loss Percent: 0Bytes Received: 0Bytes Sent: 0Packets Sent: 0
[INFO] [04:27] [INFO] Packet Loss: 0Packet Loss Percent: 0Bytes Received: 0Bytes Sent: 0Packets Sent: 0
[INFO] [04:28] [INFO] Packet Loss: 0Packet Loss Percent: 0Bytes Received: 0Bytes Sent: 0Packets Sent: 0
[INFO] [04:28] [INFO] Packet Loss: 0Packet Loss Percent: 0Bytes Received: 0Bytes Sent: 0Packets Sent: 0
[INFO] [04:28] [INFO] Packet Loss: 0Packet Loss Percent: 0Bytes Received: 0Bytes Sent: 0Packets Sent: 0
[INFO] [04:28] [INFO] Packet Loss: 0Packet Loss Percent: 0Bytes Received: 0Bytes Sent: 0Packets Sent: 0
[INFO] [04:29] [INFO] Packet Loss: 0Packet Loss Percent: 0Bytes Received: 0Bytes Sent: 0Packets Sent: 0
[INFO] [04:29] [INFO] Packet Loss: 0Packet Loss Percent: 0Bytes Received: 0Bytes Sent: 0Packets Sent: 0
[INFO] [04:29] [INFO] Packet Loss: 0Packet Loss Percent: 0Bytes Received: 0Bytes Sent: 0Packets Sent: 0
[INFO] [04:29] [INFO] Packet Loss: 0Packet Loss Percent: 0Bytes Received: 0Bytes Sent: 0Packets Sent: 0
[INFO] [04:30] [INFO] Packet Loss: 0Packet Loss Percent: 0Bytes Received: 0Bytes Sent: 0Packets Sent: 0
[INFO] [04:30] [INFO] Packet Loss: 0Packet Loss Percent: 0Bytes Received: 0Bytes Sent: 0Packets Sent: 0
[INFO] [04:30] [INFO] Packet Loss: 0Packet Loss Percent: 0Bytes Received: 0Bytes Sent: 0Packets Sent: 0
[INFO] [04:30] [INFO] Packet Loss: 0Packet Loss Percent: 0Bytes Received: 0Bytes Sent: 0Packets Sent: 0
[INFO] [04:31] [INFO] Packet Loss: 0Packet Loss Percent: 0Bytes Received: 0Bytes Sent: 0Packets Sent: 0
[INFO] [04:31] [INFO] Packet Loss: 0Packet Loss Percent: 0Bytes Received: 0Bytes Sent: 0Packets Sent: 0
[INFO] [04:31] [INFO] Packet Loss: 0Packet Loss Percent: 0Bytes Received: 0Bytes Sent: 0Packets Sent: 0
[INFO] [04:31] [INFO] Packet Loss: 0Packet Loss Percent: 0Bytes Received: 0Bytes Sent: 0Packets Sent: 0
[INFO] [04:32] [INFO] Packet Loss: 0Packet Loss Percent: 0Bytes Received: 0Bytes Sent: 0Packets Sent: 0
[INFO] [04:32] [INFO] Packet Loss: 0Packet Loss Percent: 0Bytes Received: 0Bytes Sent: 0Packets Sent: 0
[INFO] [04:32] [INFO] Packet Loss: 0Packet Loss Percent: 0Bytes Received: 0Bytes Sent: 0Packets Sent: 0
[INFO] [04:32] [INFO] Packet Loss: 0Packet Loss Percent: 0Bytes Received: 0Bytes Sent: 0Packets Sent: 0
[INFO] [04:33] [INFO] Packet Loss: 0Packet Loss Percent: 0Bytes Received: 0Bytes Sent: 0Packets Sent: 0
[INFO] [04:33] [INFO] Packet Loss: 0Packet Loss Percent: 0Bytes Received: 0Bytes Sent: 0Packets Sent: 0
[INFO] [04:33] [INFO] Packet Loss: 0Packet Loss Percent: 0Bytes Received: 0Bytes Sent: 0Packets Sent: 0
[INFO] [04:33] [INFO] Packet Loss: 0Packet Loss Percent: 0Bytes Received: 0Bytes Sent: 0Packets Sent: 0
[INFO] [04:34] [INFO] Packet Loss: 0Packet Loss Percent: 0Bytes Received: 0Bytes Sent: 0Packets Sent: 0
[INFO] [04:34] [INFO] Packet Loss: 0Packet Loss Percent: 0Bytes Received: 0Bytes Sent: 0Packets Sent: 0
[INFO] [04:34] [INFO] Packet Loss: 0Packet Loss Percent: 0Bytes Received: 0Bytes Sent: 0Packets Sent: 0
[INFO] [04:34] [INFO] Packet Loss: 0Packet Loss Percent: 0Bytes Received: 0Bytes Sent: 0Packets Sent: 0
[INFO] [04:35] [INFO] Packet Loss: 0Packet Loss Percent: 0Bytes Received: 0Bytes Sent: 0Packets Sent: 0
[INFO] [04:35] [INFO] Packet Loss: 0Packet Loss Percent: 0Bytes Received: 0Bytes Sent: 0Packets Sent: 0
[INFO] [04:35] [INFO] Packet Loss: 0Packet Loss Percent: 0Bytes Received: 0Bytes Sent: 0Packets Sent: 0
[INFO] [04:35] [INFO] Packet Loss: 0Packet Loss Percent: 0Bytes Received: 0Bytes Sent: 0Packets Sent: 0
[INFO] [04:36] [INFO] Packet Loss: 0Packet Loss Percent: 0Bytes Received: 0Bytes Sent: 0Packets Sent: 0
[INFO] [04:36] [INFO] Packet Loss: 0Packet Loss Percent: 0Bytes Received: 0Bytes Sent: 0Packets Sent: 0
[INFO] [04:36] [INFO] Packet Loss: 0Packet Loss Percent: 0Bytes Received: 0Bytes Sent: 0Packets Sent: 0
[INFO] [04:36] [INFO] Packet Loss: 0Packet Loss Percent: 0Bytes Received: 0Bytes Sent: 0Packets Sent: 0
[INFO] [04:37] [INFO] Packet Loss: 0Packet Loss Percent: 0Bytes Received: 0Bytes Sent: 0Packets Sent: 0
[INFO] [04:37] [INFO] Packet Loss: 0Packet Loss Percent: 0Bytes Received: 0Bytes Sent: 0Packets Sent: 0
[INFO] [04:37] [INFO] Packet Loss: 0Packet Loss Percent: 0Bytes Received: 0Bytes Sent: 0Packets Sent: 0
[INFO] [04:37] [INFO] Packet Loss: 0Packet Loss Percent: 0Bytes Received: 0Bytes Sent: 0Packets Sent: 0
[INFO] [04:38] [INFO] Packet Loss: 0Packet Loss Percent: 0Bytes Received: 0Bytes Sent: 0Packets Sent: 0
[INFO] [04:38] [INFO] Packet Loss: 0Packet Loss Percent: 0Bytes Received: 0Bytes Sent: 0Packets Sent: 0
[INFO] [04:38] [INFO] Packet Loss: 0Packet Loss Percent: 0Bytes Received: 0Bytes Sent: 0Packets Sent: 0
[INFO] [04:38] [INFO] Packet Loss: 0Packet Loss Percent: 0Bytes Received: 0Bytes Sent: 0Packets Sent: 0
[INFO] [04:39] [INFO] Packet Loss: 0Packet Loss Percent: 0Bytes Received: 0Bytes Sent: 0Packets Sent: 0
[INFO] [04:39] [INFO] Packet Loss: 0Packet Loss Percent: 0Bytes Received: 0Bytes Sent: 0Packets Sent: 0
[INFO] [04:39] [INFO] Packet Loss: 0Packet Loss Percent: 0Bytes Received: 0Bytes Sent: 0Packets Sent: 0
[INFO] [04:39] [INFO] Packet Loss: 0Packet Loss Percent: 0Bytes Received: 0Bytes Sent: 0Packets Sent: 0
[INFO] [04:40] [INFO] Packet Loss: 0Packet Loss Percent: 0Bytes Received: 0Bytes Sent: 0Packets Sent: 0
[INFO] [04:40] [INFO] Packet Loss: 0Packet Loss Percent: 0Bytes Received: 0Bytes Sent: 0Packets Sent: 0
[INFO] [04:40] [INFO] Packet Loss: 0Packet Loss Percent: 0Bytes Received: 0Bytes Sent: 0Packets Sent: 0
[INFO] [04:40] [INFO] Packet Loss: 0Packet Loss Percent: 0Bytes Received: 0Bytes Sent: 0Packets Sent: 0
[INFO] [04:41] [INFO] Packet Loss: 0Packet Loss Percent: 0Bytes Received: 0Bytes Sent: 0Packets Sent: 0
[INFO] [04:41] [INFO] Packet Loss: 0Packet Loss Percent: 0Bytes Received: 0Bytes Sent: 0Packets Sent: 0
[INFO] [04:41] [INFO] Packet Loss: 0Packet Loss Percent: 0Bytes Received: 0Bytes Sent: 0Packets Sent: 0
[INFO] [04:41] [INFO] Packet Loss: 0Packet Loss Percent: 0Bytes Received: 0Bytes Sent: 0Packets Sent: 0
[INFO] [04:42] [INFO] Packet Loss: 0Packet Loss Percent: 0Bytes Received: 0Bytes Sent: 0Packets Sent: 0
[INFO] [04:42] [INFO] Packet Loss: 0Packet Loss Percent: 0Bytes Received: 0Bytes Sent: 0Packets Sent: 0
[INFO] [04:42] [INFO] Packet Loss: 0Packet Loss Percent: 0Bytes Received: 0Bytes Sent: 0Packets Sent: 0
[INFO] [04:42] [INFO] Packet Loss: 0Packet Loss Percent: 0Bytes Received: 0Bytes Sent: 0Packets Sent: 0
[INFO] [04:43] [INFO] Packet Loss: 0Packet Loss Percent: 0Bytes Received: 0Bytes Sent: 0Packets Sent: 0
[INFO] [04:43] [INFO] Packet Loss: 0Packet Loss Percent: 0Bytes Received: 0Bytes Sent: 0Packets Sent: 0
[INFO] [04:43] [INFO] Packet Loss: 0Packet Loss Percent: 0Bytes Received: 0Bytes Sent: 0Packets Sent: 0
[INFO] [04:43] [INFO] Packet Loss: 0Packet Loss Percent: 0Bytes Received: 0Bytes Sent: 0Packets Sent: 0
[INFO] [04:44] [INFO] Packet Loss: 0Packet Loss Percent: 0Bytes Received: 0Bytes Sent: 0Packets Sent: 0
[INFO] [04:44] [INFO] Packet Loss: 0Packet Loss Percent: 0Bytes Received: 0Bytes Sent: 0Packets Sent: 0
[INFO] [04:44] [INFO] Packet Loss: 0Packet Loss Percent: 0Bytes Received: 0Bytes Sent: 0Packets Sent: 0
[INFO] [04:44] [INFO] Packet Loss: 0Packet Loss Percent: 0Bytes Received: 0Bytes Sent: 0Packets Sent: 0
[INFO] [04:45] [INFO] Packet Loss: 0Packet Loss Percent: 0Bytes Received: 0Bytes Sent: 0Packets Sent: 0
[INFO] [04:45] [INFO] Packet Loss: 0Packet Loss Percent: 0Bytes Received: 0Bytes Sent: 0Packets Sent: 0
[INFO] [04:45] [INFO] Packet Loss: 0Packet Loss Percent: 0Bytes Received: 0Bytes Sent: 0Packets Sent: 0
[INFO] [04:45] [INFO] Packet Loss: 0Packet Loss Percent: 0Bytes Received: 0Bytes Sent: 0Packets Sent: 0
[INFO] [04:46] [INFO] Packet Loss: 0Packet Loss Percent: 0Bytes Received: 0Bytes Sent: 0Packets Sent: 0
[INFO] [04:46] [INFO] Packet Loss: 0Packet Loss Percent: 0Bytes Received: 0Bytes Sent: 0Packets Sent: 0
[INFO] [04:46] [INFO] Packet Loss: 0Packet Loss Percent: 0Bytes Received: 0Bytes Sent: 0Packets Sent: 0
[INFO] [04:46] [INFO] Packet Loss: 0Packet Loss Percent: 0Bytes Received: 0Bytes Sent: 0Packets Sent: 0
[INFO] [04:47] [INFO] Packet Loss: 0Packet Loss Percent: 0Bytes Received: 0Bytes Sent: 0Packets Sent: 0
[INFO] [04:47] [INFO] Packet Loss: 0Packet Loss Percent: 0Bytes Received: 0Bytes Sent: 0Packets Sent: 0
[INFO] [04:47] [INFO] Packet Loss: 0Packet Loss Percent: 0Bytes Received: 0Bytes Sent: 0Packets Sent: 0
[INFO] [04:47] [INFO] Packet Loss: 0Packet Loss Percent: 0Bytes Received: 0Bytes Sent: 0Packets Sent: 0
[INFO] [04:48] [INFO] Packet Loss: 0Packet Loss Percent: 0Bytes Received: 0Bytes Sent: 0Packets Sent: 0
[INFO] [04:48] [INFO] Packet Loss: 0Packet Loss Percent: 0Bytes Received: 0Bytes Sent: 0Packets Sent: 0
[INFO] [04:48] [INFO] Packet Loss: 0Packet Loss Percent: 0Bytes Received: 0Bytes Sent: 0Packets Sent: 0
[INFO] [04:48] [INFO] Packet Loss: 0Packet Loss Percent: 0Bytes Received: 0Bytes Sent: 0Packets Sent: 0
[INFO] [04:49] [INFO] Packet Loss: 0Packet Loss Percent: 0Bytes Received: 0Bytes Sent: 0Packets Sent: 0
[INFO] [04:49] [INFO] Packet Loss: 0Packet Loss Percent: 0Bytes Received: 0Bytes Sent: 0Packets Sent: 0
[INFO] [04:49] [INFO] Packet Loss: 0Packet Loss Percent: 0Bytes Received: 0Bytes Sent: 0Packets Sent: 0
[INFO] [04:49] [INFO] Packet Loss: 0Packet Loss Percent: 0Bytes Received: 0Bytes Sent: 0Packets Sent: 0
[INFO] [04:50] [INFO] Packet Loss: 0Packet Loss Percent: 0Bytes Received: 0Bytes Sent: 0Packets Sent: 0
[INFO] [04:50] [INFO] Packet Loss: 0Packet Loss Percent: 0Bytes Received: 0Bytes Sent: 0Packets Sent: 0
[INFO] [04:50] [INFO] Packet Loss: 0Packet Loss Percent: 0Bytes Received: 0Bytes Sent: 0Packets Sent: 0
[INFO] [04:50] [INFO] Packet Loss: 0Packet Loss Percent: 0Bytes Received: 0Bytes Sent: 0Packets Sent: 0
[INFO] [04:51] [INFO] Packet Loss: 0Packet Loss Percent: 0Bytes Received: 0Bytes Sent: 0Packets Sent: 0
[INFO] [04:51] [INFO] Packet Loss: 0Packet Loss Percent: 0Bytes Received: 0Bytes Sent: 0Packets Sent: 0
[INFO] [04:51] [INFO] Packet Loss: 0Packet Loss Percent: 0Bytes Received: 0Bytes Sent: 0Packets Sent: 0
[INFO] [04:51] [INFO] Packet Loss: 0Packet Loss Percent: 0Bytes Received: 0Bytes Sent: 0Packets Sent: 0
[INFO] [04:52] [INFO] Packet Loss: 0Packet Loss Percent: 0Bytes Received: 0Bytes Sent: 0Packets Sent: 0
[INFO] [04:52] [INFO] Packet Loss: 0Packet Loss Percent: 0Bytes Received: 0Bytes Sent: 0Packets Sent: 0
[INFO] [04:52] [INFO] Packet Loss: 0Packet Loss Percent: 0Bytes Received: 0Bytes Sent: 0Packets Sent: 0
[INFO] [04:52] [INFO] Packet Loss: 0Packet Loss Percent: 0Bytes Received: 0Bytes Sent: 0Packets Sent: 0
[INFO] [04:53] [INFO] Packet Loss: 0Packet Loss Percent: 0Bytes Received: 0Bytes Sent: 0Packets Sent: 0
[INFO] [04:53] [INFO] Packet Loss: 0Packet Loss Percent: 0Bytes Received: 0Bytes Sent: 0Packets Sent: 0
[INFO] [04:53] [INFO] Packet Loss: 0Packet Loss Percent: 0Bytes Received: 0Bytes Sent: 0Packets Sent: 0
[INFO] [04:53] [INFO] Packet Loss: 0Packet Loss Percent: 0Bytes Received: 0Bytes Sent: 0Packets Sent: 0
[INFO] Logs are saved to C:\Users\doola\OneDrive\Documents\Github\Basis Foundation\Basis Unity\Basis Server\BasisServerConsole\bin\Release\net9.0\Logs\2024-12-17.log
[INFO] [05:19] [INFO] Server Booting
[INFO] [05:19] [INFO] HTTP health check started at 'http://localhost:10666/health'
[INFO] [05:19] [INFO] Server Wiring up SetPort 4296
[INFO] [05:19] [INFO] Server Worker Threads booting
[INFO] [05:19] [INFO] Packet Loss: 0Packet Loss Percent: 0Bytes Received: 0Bytes Sent: 0Packets Sent: 0
[INFO] [05:19] [INFO] Server Worker Threads Booted
[INFO] [05:19] [INFO] Packet Loss: 0Packet Loss Percent: 0Bytes Received: 0Bytes Sent: 0Packets Sent: 0
[INFO] [05:19] [INFO] Shutting down server...
[INFO] [05:19] [INFO] Packet Loss: 0Packet Loss Percent: 0Bytes Received: 0Bytes Sent: 0Packets Sent: 0
[INFO] Logs are saved to C:\Users\doola\OneDrive\Documents\Github\Basis Foundation\Basis Unity\Basis Server\BasisServerConsole\bin\Release\net9.0\Logs\2024-12-17.log
[INFO] [09:04] [INFO] Server Booting
[INFO] [09:04] [INFO] HTTP health check started at 'http://localhost:10666/health'
[INFO] [09:04] [INFO] Server Wiring up SetPort 4296
[INFO] [09:04] [INFO] Server Worker Threads Booted
[INFO] [09:04] [INFO] Packet Loss: 0Packet Loss Percent: 0Bytes Received: 0Bytes Sent: 0Packets Sent: 0
[INFO] [09:04] [INFO] Packet Loss: 0Packet Loss Percent: 0Bytes Received: 0Bytes Sent: 0Packets Sent: 0
[INFO] [09:04] [INFO] Packet Loss: 0Packet Loss Percent: 0Bytes Received: 0Bytes Sent: 0Packets Sent: 0
[INFO] [09:05] [INFO] Packet Loss: 0Packet Loss Percent: 0Bytes Received: 0Bytes Sent: 0Packets Sent: 0
[INFO] [09:05] [INFO] Shutting down server...
